2022-Dec-17 18:59:41 PM [main] INFO  core.WebDriverFactory - Chrome Browser invoked
2022-Dec-17 18:59:41 PM [main] INFO  core.WebDriverFactory - Driver maximized and implicit time out set to 20 seconds
2022-Dec-17 18:59:41 PM [main] INFO  stepdefs.StepDefs - Browser invoked.
2022-Dec-17 18:59:46 PM [main] INFO  core.WebDriverFactory - Browser navigated to the url: https://automationpractice.com
2022-Dec-17 18:59:46 PM [main] INFO  stepdefs.StepDefs - Browser navigated to URL: https://automationpractice.com
2022-Dec-17 19:00:17 PM [main] INFO  core.WebDriverFactory - Driver closed
2022-Dec-17 19:00:19 PM [main] INFO  core.WebDriverFactory - Chrome Browser invoked
2022-Dec-17 19:00:19 PM [main] INFO  core.WebDriverFactory - Driver maximized and implicit time out set to 20 seconds
2022-Dec-17 19:00:19 PM [main] INFO  stepdefs.StepDefs - Browser invoked.
2022-Dec-17 19:00:24 PM [main] INFO  core.WebDriverFactory - Browser navigated to the url: https://automationpractice.com
2022-Dec-17 19:00:24 PM [main] INFO  stepdefs.StepDefs - Browser navigated to URL: https://automationpractice.com
2022-Dec-17 19:01:05 PM [main] INFO  core.WebDriverFactory - Driver closed
2022-Dec-17 19:01:08 PM [main] INFO  core.WebDriverFactory - Chrome Browser invoked
2022-Dec-17 19:01:08 PM [main] INFO  core.WebDriverFactory - Driver maximized and implicit time out set to 20 seconds
2022-Dec-17 19:01:08 PM [main] INFO  stepdefs.StepDefs - Browser invoked.
2022-Dec-17 19:01:15 PM [main] INFO  core.WebDriverFactory - Browser navigated to the url: https://automationpractice.com
2022-Dec-17 19:01:15 PM [main] INFO  stepdefs.StepDefs - Browser navigated to URL: https://automationpractice.com
2022-Dec-17 19:01:36 PM [main] INFO  pageobjectmodel.CmnPageObjects - Product list: 
2022-Dec-17 19:01:56 PM [main] INFO  pageobjectmodel.CmnPageObjects - Count of Categories is:0
2022-Dec-17 19:01:56 PM [main] INFO  core.WebDriverFactory - Driver closed
2022-Dec-17 19:01:58 PM [main] INFO  core.WebDriverFactory - Chrome Browser invoked
2022-Dec-17 19:01:58 PM [main] INFO  core.WebDriverFactory - Driver maximized and implicit time out set to 20 seconds
2022-Dec-17 19:01:58 PM [main] INFO  stepdefs.StepDefs - Browser invoked.
2022-Dec-17 19:02:02 PM [main] INFO  core.WebDriverFactory - Browser navigated to the url: https://automationpractice.com
2022-Dec-17 19:02:02 PM [main] INFO  stepdefs.StepDefs - Browser navigated to URL: https://automationpractice.com
2022-Dec-17 19:02:23 PM [main] INFO  core.WebDriverFactory - Driver closed
2022-Dec-17 19:02:24 PM [main] INFO  core.WebDriverFactory - Chrome Browser invoked
2022-Dec-17 19:02:25 PM [main] INFO  core.WebDriverFactory - Driver maximized and implicit time out set to 20 seconds
2022-Dec-17 19:02:25 PM [main] INFO  stepdefs.StepDefs - Browser invoked.
2022-Dec-17 19:02:28 PM [main] INFO  core.WebDriverFactory - Browser navigated to the url: https://automationpractice.com
2022-Dec-17 19:02:28 PM [main] INFO  stepdefs.StepDefs - Browser navigated to URL: https://automationpractice.com
2022-Dec-17 19:02:49 PM [main] INFO  core.WebDriverFactory - Driver closed
